<?xml version="1.0" encoding="UTF-8"?>
<!-- Generated by org.testng.reporters.JUnitReportReporter -->
<testsuite hostname="DESKTOP-EHLHG19" failures="0" tests="4" name="tests.SignInTest" time="34.311" errors="0" timestamp="2022-06-06T22:50:22 CEST" skipped="0">
  <testcase classname="tests.SignInTest" name="successfulSignIn" time="10.754"/>
  <system-out/>
  <testcase classname="tests.SignInTest" name="signInWithInvalidSteamAccountNameAndValidPassword" time="7.887"/>
  <system-out/>
  <testcase classname="tests.SignInTest" name="signInWithValidSteamAccountNameAndInvalidPassword" time="7.819"/>
  <system-out/>
  <testcase classname="tests.SignInTest" name="signInWithInvalidCredentials" time="7.851"/>
  <system-out/>
</testsuite> <!-- tests.SignInTest -->
