<?xml version="1.0" encoding="UTF-8"?>
<!-- Generated by org.testng.reporters.JUnitReportReporter -->
<testsuite hostname="DESKTOP-EHLHG19" failures="0" tests="2" name="tests.SearchTest" time="60.680" errors="0" timestamp="2022-06-07T17:24:06 CEST" skipped="0">
  <testcase classname="tests.SearchTest" name="searchForASpecificGameByName" time="31.427"/>
  <system-out/>
  <testcase classname="tests.SearchTest" name="searchByCategory" time="29.253"/>
  <system-out/>
</testsuite> <!-- tests.SearchTest -->
