<?xml version="1.0" encoding="UTF-8"?>
<!-- Generated by org.testng.reporters.JUnitReportReporter -->
<testsuite hostname="DESKTOP-EHLHG19" failures="0" tests="3" name="tests.CartTest" time="117.898" errors="0" timestamp="2022-06-07T17:24:06 CEST" skipped="0">
  <testcase classname="tests.CartTest" name="addToCartTest" time="53.650"/>
  <system-out>
    <![CDATA[Current page header is: YOUR SHOPPING CART
Specific game upgrade is present]]>
  </system-out>
  <testcase classname="tests.CartTest" name="removeGameFromCart" time="31.021"/>
  <system-out>
    <![CDATA[Card status message is: Your item has been removed!]]>
  </system-out>
  <testcase classname="tests.CartTest" name="addTwoGamesToCartAndRemoveThem" time="33.227"/>
  <system-out/>
</testsuite> <!-- tests.CartTest -->
