<?xml version="1.0" encoding="UTF-8"?>
<!-- Generated by org.testng.reporters.JUnitReportReporter -->
<testsuite hostname="DESKTOP-EHLHG19" failures="0" tests="1" name="tests.WishListTest" time="51.666" errors="0" timestamp="2022-06-07T17:24:06 CEST" skipped="0">
  <testcase classname="tests.WishListTest" name="addGameToWishlistAndRemoveItFromWishlist" time="51.666"/>
  <system-out/>
</testsuite> <!-- tests.WishListTest -->
