<?xml version="1.0" encoding="UTF-8"?>
<!-- Generated by org.testng.reporters.JUnitReportReporter -->
<testsuite hostname="DESKTOP-EHLHG19" failures="0" tests="2" name="tests.SearchTest" time="31.769" errors="0" timestamp="2022-06-06T22:50:22 CEST" skipped="0">
  <testcase classname="tests.SearchTest" name="searchForASpecificGameByName" time="15.044"/>
  <system-out/>
  <testcase classname="tests.SearchTest" name="searchByCategory" time="16.725"/>
  <system-out/>
</testsuite> <!-- tests.SearchTest -->
