<?xml version="1.0" encoding="UTF-8"?>
<!-- Generated by org.testng.reporters.JUnitReportReporter -->
<testsuite hostname="DESKTOP-EHLHG19" failures="0" tests="3" name="tests.CartTest" time="54.502" errors="0" timestamp="2022-06-06T22:50:22 CEST" skipped="0">
  <testcase classname="tests.CartTest" name="addToCartTest" time="17.410"/>
  <system-out>
    <![CDATA[Current page header is: YOUR SHOPPING CART
Specific game upgrade is present
Specific game upgrade is present]]>
  </system-out>
  <testcase classname="tests.CartTest" name="removeGameFromCart" time="18.033"/>
  <system-out>
    <![CDATA[Specific game upgrade is present
Removing from cart
Card status message is: Your item has been removed!]]>
  </system-out>
  <testcase classname="tests.CartTest" name="addTwoGamesToCartAndRemoveThem" time="19.059"/>
  <system-out>
    <![CDATA[Removing all items from cart
Confirming by clicking on 'Yes' button]]>
  </system-out>
</testsuite> <!-- tests.CartTest -->
