<?xml version="1.0" encoding="UTF-8"?>
<!-- Generated by org.testng.reporters.JUnitReportReporter -->
<testsuite hostname="DESKTOP-EHLHG19" failures="0" tests="1" name="tests.EditProfileTest" time="16.483" errors="0" timestamp="2022-06-06T22:50:22 CEST" skipped="0">
  <testcase classname="tests.EditProfileTest" name="openProfileSettings" time="16.483"/>
  <system-out>
    <![CDATA[Actual profile name: steamtest240
Page header contains the word: ABOUT
Real name header profile name is: steamtest240]]>
  </system-out>
</testsuite> <!-- tests.EditProfileTest -->
