<?xml version="1.0" encoding="UTF-8"?>
<!-- Generated by org.testng.reporters.JUnitReportReporter -->
<testsuite hostname="DESKTOP-EHLHG19" failures="0" tests="1" name="tests.RegistrationTest" time="8.408" errors="0" timestamp="2022-06-06T22:50:22 CEST" skipped="0">
  <testcase classname="tests.RegistrationTest" name="attemptRegistrationWithExistingUserCredentials" time="8.408"/>
  <system-out/>
</testsuite> <!-- tests.RegistrationTest -->
